<?xml version="1.0" encoding="UTF-8"?>
<testsuite xmlns:xsi="http://www.w3.org/2001/XMLSchema-instance" xsi:noNamespaceSchemaLocation="https://maven.apache.org/surefire/maven-surefire-plugin/xsd/surefire-test-report-3.0.xsd" version="3.0" name="com.example.ec.explorecali.ExplorecaliApplicationTests" time="1.943" tests="1" errors="0" skipped="0" failures="0">
  <properties>
[...]
</properties>
  <testcase name="contextLoads" classname="com.example.ec.explorecali.ExplorecaliApplicationTests" time="0.379">
    <system-out><![CDATA[11:29:05.348 [main] INFO org.springframework.test.context.support.AnnotationConfigContextLoaderUtils -- Could not detect default configuration classes for test class [com.example.ec.explorecali.ExplorecaliApplicationTests]: ExplorecaliApplicationTests does not declare any static, non-private, non-final, nested classes annotated with @Configuration.
11:29:05.392 [main] INFO org.springframework.boot.test.context.SpringBootTestContextBootstrapper -- Found @SpringBootConfiguration com.example.ec.explorecali.ExplorecaliApplication for test class com.example.ec.explorecali.ExplorecaliApplicationTests

  .   ____          _            __ _ _
 /\\ / ___'_ __ _ _(_)_ __  __ _ \ \ \ \
( ( )\___ | '_ | '_| | '_ \/ _` | \ \ \ \
 \\/  ___)| |_)| | | | | || (_| |  ) ) ) )
  '  |____| .__|_| |_|_| |_\__, | / / / /
 =========|_|==============|___/=/_/_/_/
 :: Spring Boot ::                (v3.2.0)

2023-12-20T11:29:05.550-08:00  INFO 16178 --- [           main] c.e.e.e.ExplorecaliApplicationTests      : Starting ExplorecaliApplicationTests using Java 17.0.2 with PID 16178 (started by nidhikumar in /Users/nidhikumar/Downloads/explorecali)
2023-12-20T11:29:05.551-08:00  INFO 16178 --- [           main] c.e.e.e.ExplorecaliApplicationTests      : No active profile set, falling back to 1 default profile: "default"
2023-12-20T11:29:05.826-08:00  INFO 16178 --- [           main] .s.d.r.c.RepositoryConfigurationDelegate : Bootstrapping Spring Data JPA repositories in DEFAULT mode.
2023-12-20T11:29:05.839-08:00  INFO 16178 --- [           main] .s.d.r.c.RepositoryConfigurationDelegate : Finished Spring Data repository scanning in 5 ms. Found 0 JPA repository interfaces.
2023-12-20T11:29:06.033-08:00  INFO 16178 --- [           main] com.zaxxer.hikari.HikariDataSource       : HikariPool-1 - Starting...
2023-12-20T11:29:06.113-08:00  INFO 16178 --- [           main] com.zaxxer.hikari.pool.HikariPool        : HikariPool-1 - Added connection conn0: url=jdbc:h2:mem:3c648da7-6ae2-4660-b3f6-1849df6fd63c user=SA
2023-12-20T11:29:06.114-08:00  INFO 16178 --- [           main] com.zaxxer.hikari.HikariDataSource       : HikariPool-1 - Start completed.
2023-12-20T11:29:06.145-08:00  INFO 16178 --- [           main] o.hibernate.jpa.internal.util.LogHelper  : HHH000204: Processing PersistenceUnitInfo [name: default]
2023-12-20T11:29:06.171-08:00  INFO 16178 --- [           main] org.hibernate.Version                    : HHH000412: Hibernate ORM core version 6.3.1.Final
2023-12-20T11:29:06.188-08:00  INFO 16178 --- [           main] o.h.c.internal.RegionFactoryInitiator    : HHH000026: Second-level cache disabled
2023-12-20T11:29:06.297-08:00  INFO 16178 --- [           main] o.s.o.j.p.SpringPersistenceUnitInfo      : No LoadTimeWeaver setup: ignoring JPA class transformer
2023-12-20T11:29:06.478-08:00  INFO 16178 --- [           main] o.h.e.t.j.p.i.JtaPlatformInitiator       : HHH000489: No JTA platform available (set 'hibernate.transaction.jta.platform' to enable JTA platform integration)
2023-12-20T11:29:06.481-08:00  INFO 16178 --- [           main] j.LocalContainerEntityManagerFactoryBean : Initialized JPA EntityManagerFactory for persistence unit 'default'
2023-12-20T11:29:06.539-08:00  WARN 16178 --- [           main] JpaBaseConfiguration$JpaWebConfiguration : spring.jpa.open-in-view is enabled by default. Therefore, database queries may be performed during view rendering. Explicitly configure spring.jpa.open-in-view to disable this warning
2023-12-20T11:29:06.822-08:00  INFO 16178 --- [           main] c.e.e.e.ExplorecaliApplicationTests      : Started ExplorecaliApplicationTests in 1.37 seconds (process running for 1.794)
]]></system-out>
  </testcase>
</testsuite>